     1 00000000                                 [FORMAT "WCOFF"]
     2 00000000                                 [INSTRSET "i486p"]
     3 00000000                                 [OPTIMIZE 1]
     4 00000000                                 [OPTION 1]
     5 00000000                                 [BITS 32]
     6 00000000                                 [FILE "fifo.c"]
     7                                          [SECTION .text]
     8 00000000                                 	GLOBAL	_fifo8_init
     9 00000000                                 _fifo8_init:
    10 00000000 55                              	PUSH	EBP
    11 00000001 89 E5                           	MOV	EBP,ESP
    12 00000003 8B 45 08                        	MOV	EAX,DWORD [8+EBP]
    13 00000006 8B 4D 0C                        	MOV	ECX,DWORD [12+EBP]
    14 00000009 8B 55 10                        	MOV	EDX,DWORD [16+EBP]
    15 0000000C 89 48 0C                        	MOV	DWORD [12+EAX],ECX
    16 0000000F 89 10                           	MOV	DWORD [EAX],EDX
    17 00000011 89 48 10                        	MOV	DWORD [16+EAX],ECX
    18 00000014 C7 40 14 00000000               	MOV	DWORD [20+EAX],0
    19 0000001B C7 40 04 00000000               	MOV	DWORD [4+EAX],0
    20 00000022 C7 40 08 00000000               	MOV	DWORD [8+EAX],0
    21 00000029 5D                              	POP	EBP
    22 0000002A C3                              	RET
    23 0000002B                                 	GLOBAL	_fifo8_put
    24 0000002B                                 _fifo8_put:
    25 0000002B 55                              	PUSH	EBP
    26 0000002C 89 E5                           	MOV	EBP,ESP
    27 0000002E 53                              	PUSH	EBX
    28 0000002F 8B 4D 08                        	MOV	ECX,DWORD [8+EBP]
    29 00000032 8B 5D 0C                        	MOV	EBX,DWORD [12+EBP]
    30 00000035 83 79 10 00                     	CMP	DWORD [16+ECX],0
    31 00000039 75 06                           	JNE	L3
    32 0000003B 83 C8 FF                        	OR	EAX,-1
    33 0000003E                                 L2:
    34 0000003E 5B                              	POP	EBX
    35 0000003F 5D                              	POP	EBP
    36 00000040 C3                              	RET
    37 00000041                                 L3:
    38 00000041 8B 01                           	MOV	EAX,DWORD [ECX]
    39 00000043 8B 51 04                        	MOV	EDX,DWORD [4+ECX]
    40 00000046 88 1C 02                        	MOV	BYTE [EDX+EAX*1],BL
    41 00000049 8B 41 04                        	MOV	EAX,DWORD [4+ECX]
    42 0000004C 40                              	INC	EAX
    43 0000004D 89 41 04                        	MOV	DWORD [4+ECX],EAX
    44 00000050 3B 41 0C                        	CMP	EAX,DWORD [12+ECX]
    45 00000053 74 07                           	JE	L5
    46 00000055                                 L4:
    47 00000055 FF 49 10                        	DEC	DWORD [16+ECX]
    48 00000058 31 C0                           	XOR	EAX,EAX
    49 0000005A EB E2                           	JMP	L2
    50 0000005C                                 L5:
    51 0000005C C7 41 04 00000000               	MOV	DWORD [4+ECX],0
    52 00000063 EB F0                           	JMP	L4
    53 00000065                                 	GLOBAL	_fifo8_get
    54 00000065                                 _fifo8_get:
    55 00000065 55                              	PUSH	EBP
    56 00000066 83 C8 FF                        	OR	EAX,-1
    57 00000069 89 E5                           	MOV	EBP,ESP
    58 0000006B 56                              	PUSH	ESI
    59 0000006C 53                              	PUSH	EBX
    60 0000006D 8B 4D 08                        	MOV	ECX,DWORD [8+EBP]
    61 00000070 8B 71 10                        	MOV	ESI,DWORD [16+ECX]
    62 00000073 8B 59 0C                        	MOV	EBX,DWORD [12+ECX]
    63 00000076 39 DE                           	CMP	ESI,EBX
    64 00000078 74 19                           	JE	L6
    65 0000007A 8B 41 08                        	MOV	EAX,DWORD [8+ECX]
    66 0000007D 8B 11                           	MOV	EDX,DWORD [ECX]
    67 0000007F 0F B6 14 10                     	MOVZX	EDX,BYTE [EAX+EDX*1]
    68 00000083 40                              	INC	EAX
    69 00000084 89 41 08                        	MOV	DWORD [8+ECX],EAX
    70 00000087 39 D8                           	CMP	EAX,EBX
    71 00000089 74 0C                           	JE	L9
    72 0000008B                                 L8:
    73 0000008B 8D 46 FF                        	LEA	EAX,DWORD [-1+ESI]
    74 0000008E 89 41 10                        	MOV	DWORD [16+ECX],EAX
    75 00000091 89 D0                           	MOV	EAX,EDX
    76 00000093                                 L6:
    77 00000093 5B                              	POP	EBX
    78 00000094 5E                              	POP	ESI
    79 00000095 5D                              	POP	EBP
    80 00000096 C3                              	RET
    81 00000097                                 L9:
    82 00000097 C7 41 08 00000000               	MOV	DWORD [8+ECX],0
    83 0000009E EB EB                           	JMP	L8
    84 000000A0                                 	GLOBAL	_fifo8_status
    85 000000A0                                 _fifo8_status:
    86 000000A0 55                              	PUSH	EBP
    87 000000A1 89 E5                           	MOV	EBP,ESP
    88 000000A3 8B 55 08                        	MOV	EDX,DWORD [8+EBP]
    89 000000A6 5D                              	POP	EBP
    90 000000A7 8B 42 0C                        	MOV	EAX,DWORD [12+EDX]
    91 000000AA 2B 42 10                        	SUB	EAX,DWORD [16+EDX]
    92 000000AD C3                              	RET
